0 info it worked if it ends with ok
1 verbose cli [ '/usr/bin/nodejs', '/usr/bin/npm', 'run', 'storybook' ]
2 info using npm@3.10.9
3 info using node@v6.9.2
4 verbose run-script [ 'prestorybook', 'storybook', 'poststorybook' ]
5 info lifecycle ex1@1.0.0~prestorybook: ex1@1.0.0
6 silly lifecycle ex1@1.0.0~prestorybook: no script for prestorybook, continuing
7 info lifecycle ex1@1.0.0~storybook: ex1@1.0.0
8 verbose lifecycle ex1@1.0.0~storybook: unsafe-perm in lifecycle true
9 verbose lifecycle ex1@1.0.0~storybook: PATH: /usr/lib/node_modules/npm/bin/node-gyp-bin:/home/sutee/workspace/front/training/ex3/node_modules/.bin:/usr/local/sbin:/usr/local/bin:/usr/sbin:/usr/bin:/sbin:/bin:/usr/games:/usr/local/games:/snap/bin
10 verbose lifecycle ex1@1.0.0~storybook: CWD: /home/sutee/workspace/front/training/ex3
11 silly lifecycle ex1@1.0.0~storybook: Args: [ '-c', 'start-storybook -p 6006' ]
12 silly lifecycle ex1@1.0.0~storybook: Returned: code: 1  signal: null
13 info lifecycle ex1@1.0.0~storybook: Failed to exec storybook script
14 verbose stack Error: ex1@1.0.0 storybook: `start-storybook -p 6006`
14 verbose stack Exit status 1
14 verbose stack     at EventEmitter.<anonymous> (/usr/lib/node_modules/npm/lib/utils/lifecycle.js:255:16)
14 verbose stack     at emitTwo (events.js:106:13)
14 verbose stack     at EventEmitter.emit (events.js:191:7)
14 verbose stack     at ChildProcess.<anonymous> (/usr/lib/node_modules/npm/lib/utils/spawn.js:40:14)
14 verbose stack     at emitTwo (events.js:106:13)
14 verbose stack     at ChildProcess.emit (events.js:191:7)
14 verbose stack     at maybeClose (internal/child_process.js:877:16)
14 verbose stack     at Process.ChildProcess._handle.onexit (internal/child_process.js:226:5)
15 verbose pkgid ex1@1.0.0
16 verbose cwd /home/sutee/workspace/front/training/ex3
17 error Linux 4.8.0-22-generic
18 error argv "/usr/bin/nodejs" "/usr/bin/npm" "run" "storybook"
19 error node v6.9.2
20 error npm  v3.10.9
21 error code ELIFECYCLE
22 error ex1@1.0.0 storybook: `start-storybook -p 6006`
22 error Exit status 1
23 error Failed at the ex1@1.0.0 storybook script 'start-storybook -p 6006'.
23 error Make sure you have the latest version of node.js and npm installed.
23 error If you do, this is most likely a problem with the ex1 package,
23 error not with npm itself.
23 error Tell the author that this fails on your system:
23 error     start-storybook -p 6006
23 error You can get information on how to open an issue for this project with:
23 error     npm bugs ex1
23 error Or if that isn't available, you can get their info via:
23 error     npm owner ls ex1
23 error There is likely additional logging output above.
24 verbose exit [ 1, true ]
